TN:
SF:src\config\prisma.js
FNF:0
FNH:0
DA:1,1
DA:2,1
DA:3,1
DA:4,1
LF:4
LH:4
BRF:0
BRH:0
end_of_record
TN:
SF:src\controllers\account.js
FN:4,createAccount
FN:19,getAccounts
FN:28,getAccountById
FN:43,getAccountMiddlewareAuth
FN:55,deposit
FN:79,withdraw
FNF:6
FNH:5
FNDA:2,createAccount
FNDA:2,getAccounts
FNDA:3,getAccountById
FNDA:0,getAccountMiddlewareAuth
FNDA:4,deposit
FNDA:5,withdraw
DA:1,1
DA:2,1
DA:3,1
DA:4,1
DA:5,2
DA:6,2
DA:7,2
DA:8,2
DA:9,2
DA:10,2
DA:11,2
DA:12,2
DA:13,1
DA:14,1
DA:15,1
DA:16,1
DA:17,2
DA:18,1
DA:19,1
DA:20,2
DA:21,2
DA:22,1
DA:23,1
DA:24,1
DA:25,1
DA:26,2
DA:27,1
DA:28,1
DA:29,3
DA:30,3
DA:31,3
DA:32,2
DA:33,3
DA:34,1
DA:35,1
DA:36,1
DA:37,1
DA:38,1
DA:39,1
DA:40,1
DA:41,3
DA:42,1
DA:43,1
DA:44,0
DA:45,0
DA:46,0
DA:47,0
DA:48,0
DA:49,0
DA:50,0
DA:51,0
DA:52,0
DA:53,0
DA:54,1
DA:55,1
DA:56,4
DA:57,4
DA:58,4
DA:59,4
DA:60,4
DA:61,1
DA:62,1
DA:63,1
DA:64,1
DA:65,3
DA:66,3
DA:67,2
DA:68,4
DA:69,1
DA:70,1
DA:71,1
DA:72,1
DA:73,1
DA:74,1
DA:75,1
DA:76,1
DA:77,4
DA:78,1
DA:79,1
DA:80,5
DA:81,5
DA:82,5
DA:83,5
DA:84,5
DA:85,1
DA:86,1
DA:87,1
DA:88,1
DA:89,4
DA:90,4
DA:91,3
DA:92,5
DA:93,1
DA:94,1
DA:95,2
DA:96,5
DA:97,1
DA:98,1
DA:99,1
DA:100,1
DA:101,1
DA:102,1
DA:103,1
DA:104,1
DA:105,1
DA:106,1
DA:107,5
DA:108,1
DA:109,1
DA:110,1
LF:110
LH:100
BRDA:4,0,0,2
BRDA:12,1,0,1
BRDA:19,2,0,2
BRDA:21,3,0,1
BRDA:28,4,0,3
BRDA:31,5,0,2
BRDA:33,6,0,1
BRDA:55,7,0,4
BRDA:60,8,0,1
BRDA:64,9,0,3
BRDA:66,10,0,2
BRDA:68,11,0,1
BRDA:79,12,0,5
BRDA:84,13,0,1
BRDA:88,14,0,4
BRDA:90,15,0,3
BRDA:92,16,0,1
BRDA:94,17,0,2
BRDA:96,18,0,1
BRF:19
BRH:19
end_of_record
TN:
SF:src\controllers\auth.js
FN:10,login
FNF:1
FNH:1
FNDA:4,login
DA:1,1
DA:2,1
DA:3,1
DA:4,1
DA:5,1
DA:6,1
DA:7,1
DA:8,1
DA:9,1
DA:10,1
DA:11,4
DA:12,4
DA:13,4
DA:14,3
DA:15,4
DA:16,2
DA:17,2
DA:18,2
DA:19,4
DA:20,1
DA:21,1
DA:22,1
DA:23,1
DA:24,1
DA:25,1
DA:26,1
DA:27,1
DA:28,1
DA:29,4
DA:30,1
DA:31,1
DA:32,1
LF:32
LH:32
BRDA:10,0,0,4
BRDA:13,1,0,3
BRDA:15,2,0,1
BRDA:15,3,0,2
BRDA:19,4,0,1
BRF:5
BRH:5
end_of_record
TN:
SF:src\controllers\transaction.js
FN:4,createTransaction
FN:13,getTransactions
FN:22,getTransactionById
FNF:3
FNH:3
FNDA:2,createTransaction
FNDA:2,getTransactions
FNDA:3,getTransactionById
DA:1,1
DA:2,1
DA:3,1
DA:4,1
DA:5,2
DA:6,2
DA:7,1
DA:8,1
DA:9,1
DA:10,1
DA:11,2
DA:12,1
DA:13,1
DA:14,2
DA:15,2
DA:16,1
DA:17,1
DA:18,1
DA:19,1
DA:20,2
DA:21,1
DA:22,1
DA:23,3
DA:24,3
DA:25,3
DA:26,3
DA:27,3
DA:28,2
DA:29,3
DA:30,1
DA:31,1
DA:32,1
DA:33,1
DA:34,1
DA:35,1
DA:36,3
DA:37,1
DA:38,1
DA:39,1
LF:39
LH:39
BRDA:4,0,0,2
BRDA:6,1,0,1
BRDA:13,2,0,2
BRDA:15,3,0,1
BRDA:22,4,0,3
BRDA:27,5,0,2
BRDA:29,6,0,1
BRF:7
BRH:7
end_of_record
TN:
SF:src\controllers\user.js
FN:4,createUser
FN:13,getUsers
FN:22,getUserById
FN:37,uploadImage
FNF:4
FNH:3
FNDA:2,createUser
FNDA:2,getUsers
FNDA:3,getUserById
FNDA:0,uploadImage
DA:1,1
DA:2,1
DA:3,1
DA:4,1
DA:5,2
DA:6,2
DA:7,1
DA:8,1
DA:9,1
DA:10,1
DA:11,2
DA:12,1
DA:13,1
DA:14,2
DA:15,2
DA:16,1
DA:17,1
DA:18,1
DA:19,1
DA:20,2
DA:21,1
DA:22,1
DA:23,3
DA:24,3
DA:25,3
DA:26,2
DA:27,3
DA:28,1
DA:29,1
DA:30,1
DA:31,1
DA:32,1
DA:33,1
DA:34,1
DA:35,3
DA:36,1
DA:37,1
DA:38,0
DA:39,0
DA:40,0
DA:41,0
DA:42,0
DA:43,0
DA:44,0
DA:45,0
DA:46,0
DA:47,0
DA:48,0
DA:49,0
DA:50,0
DA:51,0
DA:52,0
DA:53,0
DA:54,0
DA:55,0
DA:56,0
DA:57,0
DA:58,1
DA:59,1
DA:60,1
LF:60
LH:40
BRDA:4,0,0,2
BRDA:6,1,0,1
BRDA:13,2,0,2
BRDA:15,3,0,1
BRDA:22,4,0,3
BRDA:25,5,0,2
BRDA:27,6,0,1
BRF:7
BRH:7
end_of_record
TN:
SF:src\middlewares\errorHandler.js
FN:1,errorHandler
FNF:1
FNH:1
FNDA:3,errorHandler
DA:1,1
DA:2,3
DA:3,3
DA:4,1
DA:5,1
LF:5
LH:5
BRDA:1,0,0,3
BRF:1
BRH:1
end_of_record
TN:
SF:src\services\account.js
FN:4,createAccount
FN:8,getAllAccounts
FN:12,getAccountById
FN:18,getAccountsByUserId
FN:24,deposit
FN:31,withdraw
FNF:6
FNH:5
FNDA:2,createAccount
FNDA:2,getAllAccounts
FNDA:10,getAccountById
FNDA:0,getAccountsByUserId
FNDA:1,deposit
FNDA:1,withdraw
DA:1,1
DA:2,1
DA:3,1
DA:4,1
DA:5,2
DA:6,2
DA:7,1
DA:8,1
DA:9,2
DA:10,2
DA:11,1
DA:12,1
DA:13,10
DA:14,10
DA:15,10
DA:16,10
DA:17,1
DA:18,1
DA:19,0
DA:20,0
DA:21,0
DA:22,0
DA:23,1
DA:24,1
DA:25,1
DA:26,1
DA:27,1
DA:28,1
DA:29,1
DA:30,1
DA:31,1
DA:32,1
DA:33,1
DA:34,1
DA:35,1
DA:36,1
DA:37,1
DA:38,1
DA:39,1
LF:39
LH:35
BRDA:4,0,0,2
BRDA:8,1,0,2
BRDA:12,2,0,10
BRDA:24,3,0,1
BRDA:31,4,0,1
BRF:5
BRH:5
end_of_record
TN:
SF:src\services\transaction.js
FN:4,createTransaction
FN:44,getTransactions
FN:53,getTransactionById
FNF:3
FNH:0
FNDA:0,createTransaction
FNDA:0,getTransactions
FNDA:0,getTransactionById
DA:1,1
DA:2,1
DA:3,1
DA:4,1
DA:5,0
DA:6,0
DA:7,0
DA:8,0
DA:9,0
DA:10,0
DA:11,0
DA:12,0
DA:13,0
DA:14,0
DA:15,0
DA:16,0
DA:17,0
DA:18,0
DA:19,0
DA:20,0
DA:21,0
DA:22,0
DA:23,0
DA:24,0
DA:25,0
DA:26,0
DA:27,0
DA:28,0
DA:29,0
DA:30,0
DA:31,0
DA:32,0
DA:33,0
DA:34,0
DA:35,0
DA:36,0
DA:37,0
DA:38,0
DA:39,0
DA:40,0
DA:41,0
DA:42,0
DA:43,1
DA:44,1
DA:45,0
DA:46,0
DA:47,0
DA:48,0
DA:49,0
DA:50,0
DA:51,0
DA:52,1
DA:53,1
DA:54,0
DA:55,0
DA:56,0
DA:57,0
DA:58,0
DA:59,0
DA:60,0
DA:61,0
DA:62,0
DA:63,0
DA:64,0
DA:65,0
DA:66,0
DA:67,0
DA:68,1
DA:69,1
DA:70,1
LF:70
LH:11
BRF:0
BRH:0
end_of_record
TN:
SF:src\services\user.js
FN:5,createUser
FN:25,getUsers
FN:31,getUserById
FN:38,uploadImage
FNF:4
FNH:3
FNDA:2,createUser
FNDA:2,getUsers
FNDA:3,getUserById
FNDA:0,uploadImage
DA:1,1
DA:2,1
DA:3,1
DA:4,1
DA:5,1
DA:6,2
DA:7,2
DA:8,2
DA:9,2
DA:10,2
DA:11,2
DA:12,2
DA:13,2
DA:14,2
DA:15,2
DA:16,2
DA:17,2
DA:18,2
DA:19,2
DA:20,2
DA:21,2
DA:22,1
DA:23,1
DA:24,1
DA:25,1
DA:26,2
DA:27,2
DA:28,2
DA:29,2
DA:30,1
DA:31,1
DA:32,3
DA:33,3
DA:34,3
DA:35,3
DA:36,3
DA:37,1
DA:38,1
DA:39,0
DA:40,0
DA:41,0
DA:42,0
DA:43,0
DA:44,0
DA:45,0
DA:46,0
DA:47,0
DA:48,0
DA:49,0
DA:50,0
DA:51,0
DA:52,0
DA:53,0
DA:54,0
DA:55,0
DA:56,0
DA:57,0
DA:58,0
DA:59,0
DA:60,0
DA:61,1
DA:62,1
DA:63,1
LF:63
LH:41
BRDA:5,0,0,2
BRDA:21,1,0,1
BRDA:25,2,0,2
BRDA:31,3,0,3
BRF:4
BRH:4
end_of_record
