TN:
SF:src\controllers\account.js
FN:4,createAccount
FN:23,getAccounts
FN:32,getAccountById
FN:49,getAccount
FN:62,deposit
FN:92,withdraw
FNF:6
FNH:5
FNDA:2,createAccount
FNDA:2,getAccounts
FNDA:3,getAccountById
FNDA:0,getAccount
FNDA:4,deposit
FNDA:5,withdraw
DA:1,1
DA:2,1
DA:3,1
DA:4,1
DA:5,2
DA:6,2
DA:7,2
DA:8,2
DA:9,2
DA:10,2
DA:11,2
DA:12,2
DA:13,2
DA:14,2
DA:15,2
DA:16,1
DA:17,1
DA:18,1
DA:19,1
DA:20,1
DA:21,2
DA:22,1
DA:23,1
DA:24,2
DA:25,2
DA:26,1
DA:27,1
DA:28,1
DA:29,1
DA:30,2
DA:31,1
DA:32,1
DA:33,3
DA:34,3
DA:35,3
DA:36,3
DA:37,3
DA:38,2
DA:39,3
DA:40,1
DA:41,1
DA:42,1
DA:43,1
DA:44,1
DA:45,1
DA:46,1
DA:47,3
DA:48,1
DA:49,1
DA:50,0
DA:51,0
DA:52,0
DA:53,0
DA:54,0
DA:55,0
DA:56,0
DA:57,0
DA:58,0
DA:59,0
DA:60,0
DA:61,1
DA:62,1
DA:63,4
DA:64,4
DA:65,4
DA:66,4
DA:67,4
DA:68,1
DA:69,1
DA:70,1
DA:71,1
DA:72,3
DA:73,3
DA:74,3
DA:75,3
DA:76,2
DA:77,4
DA:78,1
DA:79,1
DA:80,1
DA:81,1
DA:82,1
DA:83,1
DA:84,1
DA:85,1
DA:86,1
DA:87,1
DA:88,1
DA:89,1
DA:90,4
DA:91,1
DA:92,1
DA:93,5
DA:94,5
DA:95,5
DA:96,5
DA:97,5
DA:98,1
DA:99,1
DA:100,1
DA:101,1
DA:102,4
DA:103,4
DA:104,4
DA:105,4
DA:106,3
DA:107,5
DA:108,1
DA:109,1
DA:110,2
DA:111,5
DA:112,1
DA:113,1
DA:114,1
DA:115,1
DA:116,1
DA:117,1
DA:118,1
DA:119,1
DA:120,1
DA:121,1
DA:122,1
DA:123,1
DA:124,1
DA:125,1
DA:126,5
DA:127,1
DA:128,1
DA:129,1
LF:129
LH:118
BRDA:4,0,0,2
BRDA:15,1,0,1
BRDA:23,2,0,2
BRDA:25,3,0,1
BRDA:32,4,0,3
BRDA:37,5,0,2
BRDA:39,6,0,1
BRDA:62,7,0,4
BRDA:67,8,0,1
BRDA:71,9,0,3
BRDA:75,10,0,2
BRDA:77,11,0,1
BRDA:92,12,0,5
BRDA:97,13,0,1
BRDA:101,14,0,4
BRDA:105,15,0,3
BRDA:107,16,0,1
BRDA:109,17,0,2
BRDA:111,18,0,1
BRF:19
BRH:19
end_of_record
TN:
SF:src\controllers\auth.js
FN:6,login
FNF:1
FNH:1
FNDA:4,login
DA:1,1
DA:2,1
DA:3,1
DA:4,1
DA:5,1
DA:6,1
DA:7,4
DA:8,4
DA:9,4
DA:10,3
DA:11,4
DA:12,2
DA:13,2
DA:14,2
DA:15,4
DA:16,1
DA:17,1
DA:18,1
DA:19,1
DA:20,1
DA:21,1
DA:22,1
DA:23,1
DA:24,1
DA:25,4
DA:26,1
DA:27,1
DA:28,1
LF:28
LH:28
BRDA:6,0,0,4
BRDA:9,1,0,3
BRDA:11,2,0,1
BRDA:11,3,0,2
BRDA:15,4,0,1
BRF:5
BRH:5
end_of_record
TN:
SF:src\controllers\transaction.js
FN:4,createTransaction
FN:52,getTransactions
FN:66,getTransactionById
FNF:3
FNH:3
FNDA:4,createTransaction
FNDA:2,getTransactions
FNDA:3,getTransactionById
DA:1,1
DA:2,1
DA:3,1
DA:4,1
DA:5,4
DA:6,4
DA:7,4
DA:8,4
DA:9,4
DA:10,4
DA:11,3
DA:12,3
DA:13,3
DA:14,3
DA:15,3
DA:16,4
DA:17,1
DA:18,1
DA:19,1
DA:20,1
DA:21,2
DA:22,4
DA:23,1
DA:24,1
DA:25,1
DA:26,1
DA:27,1
DA:28,1
DA:29,1
DA:30,1
DA:31,1
DA:32,1
DA:33,1
DA:34,1
DA:35,1
DA:36,1
DA:37,1
DA:38,1
DA:39,1
DA:40,1
DA:41,1
DA:42,1
DA:43,1
DA:44,1
DA:45,1
DA:46,1
DA:47,1
DA:48,1
DA:49,1
DA:50,4
DA:51,1
DA:52,1
DA:53,2
DA:54,2
DA:55,2
DA:56,2
DA:57,2
DA:58,2
DA:59,2
DA:60,1
DA:61,1
DA:62,1
DA:63,1
DA:64,2
DA:65,1
DA:66,1
DA:67,3
DA:68,3
DA:69,3
DA:70,3
DA:71,3
DA:72,3
DA:73,3
DA:74,3
DA:75,3
DA:76,2
DA:77,3
DA:78,1
DA:79,1
DA:80,1
DA:81,1
DA:82,1
DA:83,1
DA:84,1
DA:85,3
DA:86,1
DA:87,1
DA:88,1
LF:88
LH:88
BRDA:4,0,0,4
BRDA:10,1,0,3
BRDA:16,2,0,2
BRDA:16,3,0,1
BRDA:20,4,0,2
BRDA:22,5,0,1
BRDA:52,6,0,2
BRDA:59,7,0,1
BRDA:66,8,0,3
BRDA:75,9,0,2
BRDA:77,10,0,1
BRF:11
BRH:11
end_of_record
TN:
SF:src\controllers\user.js
FN:5,createUser
FN:28,getUsers
FN:39,getUserById
FNF:3
FNH:3
FNDA:2,createUser
FNDA:2,getUsers
FNDA:3,getUserById
DA:1,1
DA:2,1
DA:3,1
DA:4,1
DA:5,1
DA:6,2
DA:7,2
DA:8,2
DA:9,2
DA:10,2
DA:11,2
DA:12,2
DA:13,2
DA:14,2
DA:15,2
DA:16,2
DA:17,2
DA:18,2
DA:19,2
DA:20,2
DA:21,2
DA:22,1
DA:23,1
DA:24,1
DA:25,1
DA:26,2
DA:27,1
DA:28,1
DA:29,2
DA:30,2
DA:31,2
DA:32,2
DA:33,1
DA:34,1
DA:35,1
DA:36,1
DA:37,2
DA:38,1
DA:39,1
DA:40,3
DA:41,3
DA:42,3
DA:43,3
DA:44,3
DA:45,3
DA:46,2
DA:47,3
DA:48,1
DA:49,1
DA:50,1
DA:51,1
DA:52,1
DA:53,1
DA:54,1
DA:55,3
DA:56,1
DA:57,1
DA:58,1
LF:58
LH:58
BRDA:5,0,0,2
BRDA:21,1,0,1
BRDA:28,2,0,2
BRDA:32,3,0,1
BRDA:39,4,0,3
BRDA:45,5,0,2
BRDA:47,6,0,1
BRF:7
BRH:7
end_of_record
TN:
SF:src\middlewares\auth.js
FN:5,authenticate
FNF:1
FNH:0
FNDA:0,authenticate
DA:1,1
DA:2,1
DA:3,1
DA:4,1
DA:5,1
DA:6,0
DA:7,0
DA:8,0
DA:9,0
DA:10,0
DA:11,0
DA:12,0
DA:13,0
DA:14,0
DA:15,0
DA:16,0
DA:17,0
DA:18,0
DA:19,0
DA:20,0
DA:21,0
DA:22,0
DA:23,0
DA:24,0
DA:25,0
DA:26,0
DA:27,0
DA:28,0
DA:29,0
DA:30,0
DA:31,0
DA:32,1
DA:33,1
DA:34,1
LF:34
LH:8
BRF:0
BRH:0
end_of_record
TN:
SF:src\middlewares\errorHandler.js
FN:1,errorHandler
FNF:1
FNH:1
FNDA:1,errorHandler
DA:1,1
DA:2,1
DA:3,1
DA:4,1
DA:5,1
LF:5
LH:5
BRDA:1,0,0,1
BRF:1
BRH:1
end_of_record
